2024-12-18 15:28:18,135 - __main__ - INFO - Logging system initialized
2024-12-18 15:28:18,136 - DracoSoft_Server.core.moduleEventSystem - INFO - Event system started
2024-12-18 15:28:18,136 - __main__ - INFO - Event system started
2024-12-18 15:28:18,136 - DracoSoft_Server.core.moduleManager - INFO - Searching for modules in: C:\Dev\DracoSoft_Module_Server\DracoSoft_Server\modules
2024-12-18 15:28:18,167 - DracoSoft_Server.core.moduleManager - INFO - Found valid module class AdminConsoleModule in admin_console
2024-12-18 15:28:18,167 - DracoSoft_Server.core.moduleManager - INFO - Successfully loaded module class: admin_console
2024-12-18 15:28:18,189 - DracoSoft_Server.core.moduleManager - INFO - Found valid module class AuthorizationModule in authorization_module
2024-12-18 15:28:18,189 - DracoSoft_Server.core.moduleManager - INFO - Successfully loaded module class: authorization_module
2024-12-18 15:28:18,717 - DracoSoft_Server.core.moduleManager - INFO - Found valid module class FlaskModule in flask_module
2024-12-18 15:28:18,717 - DracoSoft_Server.core.moduleManager - INFO - Successfully loaded module class: flask_module
2024-12-18 15:28:18,928 - DracoSoft_Server.core.moduleManager - WARNING - No valid module class found in flask_server
2024-12-18 15:28:18,928 - DracoSoft_Server.core.moduleManager - WARNING - No valid module class found in C:\Dev\DracoSoft_Module_Server\DracoSoft_Server\modules\flask_server.py
2024-12-18 15:28:18,936 - DracoSoft_Server.core.moduleManager - INFO - Found valid module class TemplateModule in module_template
2024-12-18 15:28:18,936 - DracoSoft_Server.core.moduleManager - INFO - Successfully loaded module class: module_template
2024-12-18 15:28:18,946 - DracoSoft_Server.core.moduleManager - INFO - Found valid module class NetworkModule in network_module
2024-12-18 15:28:18,946 - DracoSoft_Server.core.moduleManager - INFO - Successfully loaded module class: network_module
2024-12-18 15:28:19,063 - DracoSoft_Server.core.moduleManager - INFO - Found valid module class ServerGUIModule in server_gui_module
2024-12-18 15:28:19,063 - DracoSoft_Server.core.moduleManager - INFO - Successfully loaded module class: server_gui_module
2024-12-18 15:28:19,091 - DracoSoft_Server.core.moduleManager - INFO - Found valid module class SQLiteModule in sqlite_module
2024-12-18 15:28:19,091 - DracoSoft_Server.core.moduleManager - INFO - Successfully loaded module class: sqlite_module
2024-12-18 15:28:19,098 - DracoSoft_Server.core.moduleManager - INFO - Found valid module class UserManagementModule in user_management_module
2024-12-18 15:28:19,099 - DracoSoft_Server.core.moduleManager - INFO - Successfully loaded module class: user_management_module
2024-12-18 15:28:19,099 - __main__ - INFO - Discovered modules: ['admin_console', 'authorization_module', 'flask_module', 'module_template', 'network_module', 'server_gui_module', 'sqlite_module', 'user_management_module']
2024-12-18 15:28:19,099 - __main__ - INFO - Loading module: network_module
2024-12-18 15:28:19,099 - module.NetworkModule - INFO - Network module loaded successfully
2024-12-18 15:28:19,099 - DracoSoft_Server.core.moduleManager - INFO - Successfully loaded module: network_module
2024-12-18 15:28:19,099 - __main__ - INFO - Enabling module: network_module
2024-12-18 15:28:19,099 - module.NetworkModule - INFO - All dependencies validated successfully
2024-12-18 15:28:19,099 - DracoSoft_Server.core.moduleEventSystem - INFO - Event processor started
2024-12-18 15:28:19,100 - module.NetworkModule - INFO - Network module enabled and listening on 0.0.0.0:8889
2024-12-18 15:28:19,100 - DracoSoft_Server.core.moduleManager - INFO - Successfully enabled module: network_module
2024-12-18 15:28:19,100 - __main__ - INFO - Loading module: sqlite_module
2024-12-18 15:28:19,106 - module.SQLiteModule - INFO - SQLite module loaded successfully
2024-12-18 15:28:19,106 - DracoSoft_Server.core.moduleManager - INFO - Successfully loaded module: sqlite_module
2024-12-18 15:28:19,106 - __main__ - INFO - Enabling module: sqlite_module
2024-12-18 15:28:19,106 - module.SQLiteModule - INFO - All dependencies validated successfully
2024-12-18 15:28:19,106 - module.SQLiteModule - INFO - SQLite module enabled
2024-12-18 15:28:19,106 - DracoSoft_Server.core.moduleManager - INFO - Successfully enabled module: sqlite_module
2024-12-18 15:28:19,106 - __main__ - INFO - Loading module: user_management_module
2024-12-18 15:28:19,106 - module.UserManagementModule - INFO - User Management module loaded successfully
2024-12-18 15:28:19,106 - DracoSoft_Server.core.moduleManager - INFO - Successfully loaded module: user_management_module
2024-12-18 15:28:19,106 - __main__ - INFO - Enabling module: user_management_module
2024-12-18 15:28:19,106 - module.UserManagementModule - INFO - All dependencies validated successfully
2024-12-18 15:28:19,106 - module.UserManagementModule - INFO - All dependencies validated successfully
2024-12-18 15:28:19,106 - module.UserManagementModule - INFO - User Management module enabled
2024-12-18 15:28:19,106 - DracoSoft_Server.core.moduleManager - INFO - Successfully enabled module: user_management_module
2024-12-18 15:28:19,106 - __main__ - INFO - Loading module: authorization_module
2024-12-18 15:28:19,106 - module.AuthorizationModule - INFO - Authorization module loaded successfully
2024-12-18 15:28:19,106 - DracoSoft_Server.core.moduleManager - INFO - Successfully loaded module: authorization_module
2024-12-18 15:28:19,106 - __main__ - INFO - Enabling module: authorization_module
2024-12-18 15:28:19,106 - module.AuthorizationModule - INFO - All dependencies validated successfully
2024-12-18 15:28:19,106 - module.AuthorizationModule - INFO - All dependencies validated successfully
2024-12-18 15:28:19,108 - module.AuthorizationModule - INFO - Authorization module enabled
2024-12-18 15:28:19,108 - DracoSoft_Server.core.moduleManager - INFO - Successfully enabled module: authorization_module
2024-12-18 15:28:19,108 - __main__ - INFO - Loading module: flask_module
2024-12-18 15:28:19,108 - module.FlaskModule - INFO - Flask module loaded successfully
2024-12-18 15:28:19,108 - DracoSoft_Server.core.moduleManager - INFO - Successfully loaded module: flask_module
2024-12-18 15:28:19,108 - __main__ - INFO - Enabling module: flask_module
2024-12-18 15:28:19,108 - module.FlaskModule - INFO - All dependencies validated successfully
2024-12-18 15:28:21,174 - module.FlaskModule - INFO - Flask server started on port 5000
2024-12-18 15:28:21,174 - module.FlaskModule - INFO - Flask module enabled
2024-12-18 15:28:21,174 - DracoSoft_Server.core.moduleManager - INFO - Successfully enabled module: flask_module
2024-12-18 15:28:21,174 - __main__ - INFO - Loading module: server_gui_module
2024-12-18 15:28:21,275 - module.ServerGUIModule - INFO - Server GUI module loaded
2024-12-18 15:28:21,275 - DracoSoft_Server.core.moduleManager - INFO - Successfully loaded module: server_gui_module
2024-12-18 15:28:21,275 - __main__ - INFO - Enabling module: server_gui_module
2024-12-18 15:28:21,275 - module.ServerGUIModule - INFO - All dependencies validated successfully
2024-12-18 15:28:21,412 - module.ServerGUIModule - INFO - Server GUI module enabled
2024-12-18 15:28:21,412 - DracoSoft_Server.core.moduleManager - INFO - Successfully enabled module: server_gui_module
2024-12-18 15:28:21,412 - __main__ - INFO - Server started successfully
2024-12-18 15:28:35,972 - module.FlaskModule - INFO - Flask module disabled
2024-12-18 15:28:35,973 - DracoSoft_Server.core.moduleManager - INFO - Successfully disabled module: flask_module
2024-12-18 15:28:40,193 - __main__ - INFO - Beginning server shutdown...
2024-12-18 15:28:40,193 - DracoSoft_Server.core.moduleEventSystem - INFO - Event system stopped
2024-12-18 15:28:40,193 - __main__ - INFO - Disabling module: authorization_module
2024-12-18 15:28:40,193 - module.AuthorizationModule - INFO - Authorization module disabled
2024-12-18 15:28:40,193 - __main__ - INFO - Unloading module: authorization_module
2024-12-18 15:28:40,194 - module.AuthorizationModule - INFO - Authorization module unloaded
2024-12-18 15:28:40,194 - DracoSoft_Server.core.moduleManager - INFO - Successfully unloaded module: authorization_module
2024-12-18 15:28:40,194 - __main__ - INFO - Disabling module: user_management_module
2024-12-18 15:28:40,194 - module.UserManagementModule - INFO - User Management module disabled
2024-12-18 15:28:40,194 - __main__ - INFO - Unloading module: user_management_module
2024-12-18 15:28:40,194 - module.UserManagementModule - INFO - User Management module unloaded
2024-12-18 15:28:40,194 - DracoSoft_Server.core.moduleManager - INFO - Successfully unloaded module: user_management_module
2024-12-18 15:28:40,194 - __main__ - INFO - Disabling module: sqlite_module
2024-12-18 15:28:40,195 - module.SQLiteModule - INFO - SQLite module disabled
2024-12-18 15:28:40,195 - __main__ - INFO - Unloading module: sqlite_module
2024-12-18 15:28:40,195 - module.SQLiteModule - INFO - SQLite module unloaded
2024-12-18 15:28:40,195 - DracoSoft_Server.core.moduleManager - INFO - Successfully unloaded module: sqlite_module
2024-12-18 15:28:40,195 - __main__ - INFO - Disabling module: network_module
2024-12-18 15:28:40,196 - module.NetworkModule - INFO - Network module disabled
2024-12-18 15:28:40,196 - __main__ - INFO - Unloading module: network_module
2024-12-18 15:28:40,196 - module.NetworkModule - INFO - Network module unloaded
2024-12-18 15:28:40,196 - DracoSoft_Server.core.moduleManager - INFO - Successfully unloaded module: network_module
2024-12-18 15:28:40,196 - __main__ - INFO - Server shutdown complete
